Running in Lattice mode


Starting:    C:\lscc\iCEcube2.2020.12\synpbase\bin64\mbin\synbatch.exe
Install:     C:\lscc\iCEcube2.2020.12\synpbase
Hostname:    DESKTOP-7SVNV87
Date:        Sat Jan 27 21:36:14 2024
Version:     L-2016.09L+ice40

Arguments:   -product synplify_pro -batch Project6_MemoryGame_syn.prj
ProductType: synplify_pro





log file: "D:\Git\FPGA_NANDLAND\GettingStartedWithFPGAsBook\project6\Project6_MemoryGame\Project6_MemoryGame_Implmnt\Project6_MemoryGame.srr"
Running: Project6_MemoryGame_Implmnt in foreground

Running Project6_MemoryGame_syn|Project6_MemoryGame_Implmnt

Running: compile (Compile) on Project6_MemoryGame_syn|Project6_MemoryGame_Implmnt
# Sat Jan 27 21:36:14 2024

Running: compile_flow (Compile Process) on Project6_MemoryGame_syn|Project6_MemoryGame_Implmnt
# Sat Jan 27 21:36:14 2024

Running: compiler (Compile Input) on Project6_MemoryGame_syn|Project6_MemoryGame_Implmnt
# Sat Jan 27 21:36:14 2024
Copied D:\Git\FPGA_NANDLAND\GettingStartedWithFPGAsBook\project6\Project6_MemoryGame\Project6_MemoryGame_Implmnt\synwork\Project6_MemoryGame_comp.srs to D:\Git\FPGA_NANDLAND\GettingStartedWithFPGAsBook\project6\Project6_MemoryGame\Project6_MemoryGame_Implmnt\Project6_MemoryGame.srs

compiler completed
# Sat Jan 27 21:36:15 2024

Return Code: 0
Run Time:00h:00m:01s

Running: multi_srs_gen (Multi-srs Generator) on Project6_MemoryGame_syn|Project6_MemoryGame_Implmnt
# Sat Jan 27 21:36:15 2024

multi_srs_gen completed
# Sat Jan 27 21:36:16 2024

Return Code: 0
Run Time:00h:00m:01s
Copied D:\Git\FPGA_NANDLAND\GettingStartedWithFPGAsBook\project6\Project6_MemoryGame\Project6_MemoryGame_Implmnt\synwork\Project6_MemoryGame_mult.srs to D:\Git\FPGA_NANDLAND\GettingStartedWithFPGAsBook\project6\Project6_MemoryGame\Project6_MemoryGame_Implmnt\Project6_MemoryGame.srs
Complete: Compile Process on Project6_MemoryGame_syn|Project6_MemoryGame_Implmnt

Running: premap (Pre-mapping) on Project6_MemoryGame_syn|Project6_MemoryGame_Implmnt
# Sat Jan 27 21:36:16 2024

premap completed
# Sat Jan 27 21:36:16 2024

Return Code: 0
Run Time:00h:00m:00s
Complete: Compile on Project6_MemoryGame_syn|Project6_MemoryGame_Implmnt

Running: map (Map) on Project6_MemoryGame_syn|Project6_MemoryGame_Implmnt
# Sat Jan 27 21:36:16 2024
License granted for 4 parallel jobs

Running: fpga_mapper (Map & Optimize) on Project6_MemoryGame_syn|Project6_MemoryGame_Implmnt
# Sat Jan 27 21:36:16 2024
Copied D:\Git\FPGA_NANDLAND\GettingStartedWithFPGAsBook\project6\Project6_MemoryGame\Project6_MemoryGame_Implmnt\synwork\Project6_MemoryGame_m.srm to D:\Git\FPGA_NANDLAND\GettingStartedWithFPGAsBook\project6\Project6_MemoryGame\Project6_MemoryGame_Implmnt\Project6_MemoryGame.srm

fpga_mapper completed with warnings
# Sat Jan 27 21:36:17 2024

Return Code: 1
Run Time:00h:00m:01s
Complete: Map on Project6_MemoryGame_syn|Project6_MemoryGame_Implmnt
Complete: Logic Synthesis on Project6_MemoryGame_syn|Project6_MemoryGame_Implmnt

exit status=0

exit status=0

