Running in Lattice mode


Starting:    C:\lscc\iCEcube2.2020.12\synpbase\bin64\mbin\synbatch.exe
Install:     C:\lscc\iCEcube2.2020.12\synpbase
Hostname:    DESKTOP-7SVNV87
Date:        Sun Nov 26 12:04:53 2023
Version:     L-2016.09L+ice40

Arguments:   -product synplify_pro -batch Project3_LED_Toggle_syn.prj
ProductType: synplify_pro





log file: "D:\Git\FPGA_NANDLAND\GettingStartedWithFPGAsBook\project3\Project3_LED_Toggle\Project3_LED_Toggle_Implmnt\Project3_LED_Toggle.srr"
Running: Project3_LED_Toggle_Implmnt in foreground

Running Project3_LED_Toggle_syn|Project3_LED_Toggle_Implmnt

Running: compile (Compile) on Project3_LED_Toggle_syn|Project3_LED_Toggle_Implmnt
# Sun Nov 26 12:04:53 2023

Running: compile_flow (Compile Process) on Project3_LED_Toggle_syn|Project3_LED_Toggle_Implmnt
# Sun Nov 26 12:04:53 2023

Running: compiler (Compile Input) on Project3_LED_Toggle_syn|Project3_LED_Toggle_Implmnt
# Sun Nov 26 12:04:53 2023
Copied D:\Git\FPGA_NANDLAND\GettingStartedWithFPGAsBook\project3\Project3_LED_Toggle\Project3_LED_Toggle_Implmnt\synwork\Project3_LED_Toggle_comp.srs to D:\Git\FPGA_NANDLAND\GettingStartedWithFPGAsBook\project3\Project3_LED_Toggle\Project3_LED_Toggle_Implmnt\Project3_LED_Toggle.srs

compiler completed
# Sun Nov 26 12:04:54 2023

Return Code: 0
Run Time:00h:00m:01s

Running: multi_srs_gen (Multi-srs Generator) on Project3_LED_Toggle_syn|Project3_LED_Toggle_Implmnt
# Sun Nov 26 12:04:54 2023

multi_srs_gen completed
# Sun Nov 26 12:04:54 2023

Return Code: 0
Run Time:00h:00m:00s
Copied D:\Git\FPGA_NANDLAND\GettingStartedWithFPGAsBook\project3\Project3_LED_Toggle\Project3_LED_Toggle_Implmnt\synwork\Project3_LED_Toggle_mult.srs to D:\Git\FPGA_NANDLAND\GettingStartedWithFPGAsBook\project3\Project3_LED_Toggle\Project3_LED_Toggle_Implmnt\Project3_LED_Toggle.srs
Complete: Compile Process on Project3_LED_Toggle_syn|Project3_LED_Toggle_Implmnt

Running: premap (Pre-mapping) on Project3_LED_Toggle_syn|Project3_LED_Toggle_Implmnt
# Sun Nov 26 12:04:54 2023

premap completed
# Sun Nov 26 12:04:55 2023

Return Code: 0
Run Time:00h:00m:01s
Complete: Compile on Project3_LED_Toggle_syn|Project3_LED_Toggle_Implmnt

Running: map (Map) on Project3_LED_Toggle_syn|Project3_LED_Toggle_Implmnt
# Sun Nov 26 12:04:55 2023
License granted for 4 parallel jobs

Running: fpga_mapper (Map & Optimize) on Project3_LED_Toggle_syn|Project3_LED_Toggle_Implmnt
# Sun Nov 26 12:04:55 2023
Copied D:\Git\FPGA_NANDLAND\GettingStartedWithFPGAsBook\project3\Project3_LED_Toggle\Project3_LED_Toggle_Implmnt\synwork\Project3_LED_Toggle_m.srm to D:\Git\FPGA_NANDLAND\GettingStartedWithFPGAsBook\project3\Project3_LED_Toggle\Project3_LED_Toggle_Implmnt\Project3_LED_Toggle.srm

fpga_mapper completed with warnings
# Sun Nov 26 12:04:56 2023

Return Code: 1
Run Time:00h:00m:01s
Complete: Map on Project3_LED_Toggle_syn|Project3_LED_Toggle_Implmnt
Complete: Logic Synthesis on Project3_LED_Toggle_syn|Project3_LED_Toggle_Implmnt

exit status=0

exit status=0

