---------------------------------------
Resource Usage Report for Demux_Toggle_TOP 

Mapping to part: ice40hx1kvq100
Cell usage:
GND             4 uses
SB_CARRY        53 uses
SB_DFF          25 uses
SB_DFFE         1 use
SB_DFFSR        36 uses
SB_GB           2 uses
VCC             4 uses
SB_LUT4         100 uses

I/O ports: 7
I/O primitives: 7
SB_GB_IO       1 use
SB_IO          6 uses

I/O Register bits:                  0
Register bits not including I/Os:   62 (4%)

@S |Mapping Summary:
Total  LUTs: 100 (7%)

Distribution of All Consumed LUTs = LUT4 
Distribution of All Consumed Luts 100 = 100 

