Running in Lattice mode


Starting:    C:\lscc\iCEcube2.2020.12\synpbase\bin64\mbin\synbatch.exe
Install:     C:\lscc\iCEcube2.2020.12\synpbase
Hostname:    DESKTOP-7SVNV87
Date:        Tue Jan 16 20:01:21 2024
Version:     L-2016.09L+ice40

Arguments:   -product synplify_pro -batch Project4_Debouncing_Switch_syn.prj
ProductType: synplify_pro





log file: "D:\Git\FPGA_NANDLAND\GettingStartedWithFPGAsBook\project4\Project4_Debouncing_Switch\Project4_Debouncing_Switch_Implmnt\Project4_Debouncing_Switch.srr"
Running: Project4_Debouncing_Switch_Implmnt in foreground

Running Project4_Debouncing_Switch_syn|Project4_Debouncing_Switch_Implmnt

Running: compile (Compile) on Project4_Debouncing_Switch_syn|Project4_Debouncing_Switch_Implmnt
# Tue Jan 16 20:01:21 2024

Running: compile_flow (Compile Process) on Project4_Debouncing_Switch_syn|Project4_Debouncing_Switch_Implmnt
# Tue Jan 16 20:01:21 2024

Running: compiler (Compile Input) on Project4_Debouncing_Switch_syn|Project4_Debouncing_Switch_Implmnt
# Tue Jan 16 20:01:21 2024
Copied D:\Git\FPGA_NANDLAND\GettingStartedWithFPGAsBook\project4\Project4_Debouncing_Switch\Project4_Debouncing_Switch_Implmnt\synwork\Project4_Debouncing_Switch_comp.srs to D:\Git\FPGA_NANDLAND\GettingStartedWithFPGAsBook\project4\Project4_Debouncing_Switch\Project4_Debouncing_Switch_Implmnt\Project4_Debouncing_Switch.srs

compiler completed
# Tue Jan 16 20:01:23 2024

Return Code: 0
Run Time:00h:00m:02s

Running: multi_srs_gen (Multi-srs Generator) on Project4_Debouncing_Switch_syn|Project4_Debouncing_Switch_Implmnt
# Tue Jan 16 20:01:23 2024

multi_srs_gen completed
# Tue Jan 16 20:01:23 2024

Return Code: 0
Run Time:00h:00m:00s
Copied D:\Git\FPGA_NANDLAND\GettingStartedWithFPGAsBook\project4\Project4_Debouncing_Switch\Project4_Debouncing_Switch_Implmnt\synwork\Project4_Debouncing_Switch_mult.srs to D:\Git\FPGA_NANDLAND\GettingStartedWithFPGAsBook\project4\Project4_Debouncing_Switch\Project4_Debouncing_Switch_Implmnt\Project4_Debouncing_Switch.srs
Complete: Compile Process on Project4_Debouncing_Switch_syn|Project4_Debouncing_Switch_Implmnt

Running: premap (Pre-mapping) on Project4_Debouncing_Switch_syn|Project4_Debouncing_Switch_Implmnt
# Tue Jan 16 20:01:23 2024

premap completed
# Tue Jan 16 20:01:24 2024

Return Code: 0
Run Time:00h:00m:01s
Complete: Compile on Project4_Debouncing_Switch_syn|Project4_Debouncing_Switch_Implmnt

Running: map (Map) on Project4_Debouncing_Switch_syn|Project4_Debouncing_Switch_Implmnt
# Tue Jan 16 20:01:24 2024
License granted for 4 parallel jobs

Running: fpga_mapper (Map & Optimize) on Project4_Debouncing_Switch_syn|Project4_Debouncing_Switch_Implmnt
# Tue Jan 16 20:01:24 2024
Copied D:\Git\FPGA_NANDLAND\GettingStartedWithFPGAsBook\project4\Project4_Debouncing_Switch\Project4_Debouncing_Switch_Implmnt\synwork\Project4_Debouncing_Switch_m.srm to D:\Git\FPGA_NANDLAND\GettingStartedWithFPGAsBook\project4\Project4_Debouncing_Switch\Project4_Debouncing_Switch_Implmnt\Project4_Debouncing_Switch.srm

fpga_mapper completed with warnings
# Tue Jan 16 20:01:26 2024

Return Code: 1
Run Time:00h:00m:02s
Complete: Map on Project4_Debouncing_Switch_syn|Project4_Debouncing_Switch_Implmnt
Complete: Logic Synthesis on Project4_Debouncing_Switch_syn|Project4_Debouncing_Switch_Implmnt

exit status=0

exit status=0

