Running in Lattice mode


Starting:    C:\lscc\iCEcube2.2020.12\synpbase\bin64\mbin\synbatch.exe
Install:     C:\lscc\iCEcube2.2020.12\synpbase
Hostname:    DESKTOP-7SVNV87
Date:        Sat Jan 20 18:29:22 2024
Version:     L-2016.09L+ice40

Arguments:   -product synplify_pro -batch Project5_Count_And_Toggle_syn.prj
ProductType: synplify_pro





log file: "D:\Git\FPGA_NANDLAND\GettingStartedWithFPGAsBook\project5\Project5_Count_And_Toggle\Project5_Count_And_Toggle_Implmnt\Project5_Count_And_Toggle.srr"
Running: Project5_Count_And_Toggle_Implmnt in foreground

Running Project5_Count_And_Toggle_syn|Project5_Count_And_Toggle_Implmnt

Running: compile (Compile) on Project5_Count_And_Toggle_syn|Project5_Count_And_Toggle_Implmnt
# Sat Jan 20 18:29:22 2024

Running: compile_flow (Compile Process) on Project5_Count_And_Toggle_syn|Project5_Count_And_Toggle_Implmnt
# Sat Jan 20 18:29:22 2024

Running: compiler (Compile Input) on Project5_Count_And_Toggle_syn|Project5_Count_And_Toggle_Implmnt
# Sat Jan 20 18:29:22 2024
Copied D:\Git\FPGA_NANDLAND\GettingStartedWithFPGAsBook\project5\Project5_Count_And_Toggle\Project5_Count_And_Toggle_Implmnt\synwork\Project5_Count_And_Toggle_comp.srs to D:\Git\FPGA_NANDLAND\GettingStartedWithFPGAsBook\project5\Project5_Count_And_Toggle\Project5_Count_And_Toggle_Implmnt\Project5_Count_And_Toggle.srs

compiler completed
# Sat Jan 20 18:29:24 2024

Return Code: 0
Run Time:00h:00m:02s

Running: multi_srs_gen (Multi-srs Generator) on Project5_Count_And_Toggle_syn|Project5_Count_And_Toggle_Implmnt
# Sat Jan 20 18:29:24 2024

multi_srs_gen completed
# Sat Jan 20 18:29:24 2024

Return Code: 0
Run Time:00h:00m:00s
Copied D:\Git\FPGA_NANDLAND\GettingStartedWithFPGAsBook\project5\Project5_Count_And_Toggle\Project5_Count_And_Toggle_Implmnt\synwork\Project5_Count_And_Toggle_mult.srs to D:\Git\FPGA_NANDLAND\GettingStartedWithFPGAsBook\project5\Project5_Count_And_Toggle\Project5_Count_And_Toggle_Implmnt\Project5_Count_And_Toggle.srs
Complete: Compile Process on Project5_Count_And_Toggle_syn|Project5_Count_And_Toggle_Implmnt

Running: premap (Pre-mapping) on Project5_Count_And_Toggle_syn|Project5_Count_And_Toggle_Implmnt
# Sat Jan 20 18:29:24 2024

premap completed
# Sat Jan 20 18:29:26 2024

Return Code: 0
Run Time:00h:00m:02s
Complete: Compile on Project5_Count_And_Toggle_syn|Project5_Count_And_Toggle_Implmnt

Running: map (Map) on Project5_Count_And_Toggle_syn|Project5_Count_And_Toggle_Implmnt
# Sat Jan 20 18:29:26 2024
License granted for 4 parallel jobs

Running: fpga_mapper (Map & Optimize) on Project5_Count_And_Toggle_syn|Project5_Count_And_Toggle_Implmnt
# Sat Jan 20 18:29:26 2024
Copied D:\Git\FPGA_NANDLAND\GettingStartedWithFPGAsBook\project5\Project5_Count_And_Toggle\Project5_Count_And_Toggle_Implmnt\synwork\Project5_Count_And_Toggle_m.srm to D:\Git\FPGA_NANDLAND\GettingStartedWithFPGAsBook\project5\Project5_Count_And_Toggle\Project5_Count_And_Toggle_Implmnt\Project5_Count_And_Toggle.srm

fpga_mapper completed with warnings
# Sat Jan 20 18:29:28 2024

Return Code: 1
Run Time:00h:00m:02s
Complete: Map on Project5_Count_And_Toggle_syn|Project5_Count_And_Toggle_Implmnt
Complete: Logic Synthesis on Project5_Count_And_Toggle_syn|Project5_Count_And_Toggle_Implmnt

exit status=0

exit status=0

